[2023-06-29T11:53:59+00:00] Prepare facts for a scan
[2023-06-29T11:53:59+00:00] Current task gather_info
[2023-06-29T11:53:59+00:00] processing gather_info
[2023-06-29T11:53:59+00:00] Core: 2565
[2023-06-29T11:53:59+00:00] get_core_files in 0
[2023-06-29T11:53:59+00:00] process done, queue for next
[2023-06-29T11:53:59+00:00] Scan not done, pinging
[2023-06-29T11:53:59+00:00] Current task gather_info
[2023-06-29T11:53:59+00:00] processing gather_info
[2023-06-29T11:54:07+00:00] Content: 15568
[2023-06-29T11:54:07+00:00] get_content_files in 8
[2023-06-29T11:54:07+00:00] task gather_info processed
[2023-06-29T11:54:07+00:00] queue core_integrity_check for next
[2023-06-29T11:54:07+00:00] process done, queue for next
[2023-06-29T11:54:07+00:00] Scan not done, pinging
[2023-06-29T11:54:07+00:00] Current task core_integrity_check
[2023-06-29T11:54:07+00:00] processing core_integrity_check
[2023-06-29T11:54:07+00:00] Fetch checksums, should only once
[2023-06-29T11:54:08+00:00] current pos 0
[2023-06-29T11:54:09+00:00] skip /home/c1392912/public_html/.htaccess because of file is whitelisted
[2023-06-29T11:54:09+00:00] skip /home/c1392912/public_html/.htaccess1 because of file is whitelisted
[2023-06-29T11:54:09+00:00] skip /home/c1392912/public_html/robots.txt because of file is whitelisted
[2023-06-29T11:54:09+00:00] task core_integrity_check processed
[2023-06-29T11:54:09+00:00] All done!
[2023-06-29T11:54:09+00:00] process done, queue for next
